20230130	15:34:44	3bfa73b9-bd51-48aa-8640-a813e28f0792	GET	/	undefined
20230130	15:34:53	b0a23205-e260-47d2-b1fd-7403e8e3c117	GET	/	undefined
20230130	15:34:57	98db4020-de96-4653-983b-01e2f8d7ade3	GET	/	undefined
20230130	15:35:03	8d96b6c8-701d-4886-91dd-f71c3861a66f	GET	/	undefined
20230130	15:35:08	fbd8b94f-be96-41fc-8a89-6a42d090c861	GET	/	undefined
20230130	15:35:12	4c479511-a8c3-432b-8544-18a5ea3fa4cb	GET	/	undefined
20230130	15:35:19	deebdfec-cc0c-4a54-9a06-65ac3ad41fe0	GET	/	undefined
20230130	15:35:59	48a61a42-461c-4137-a59b-4437bd476f17	GET	/jhnj	undefined
20230130	15:36:10	6a7de49d-80f6-4714-8ad0-dbff122b6124	GET	/jhnj	undefined
20230130	15:36:13	d9ad307d-ba06-4662-b749-b957696fe783	GET	/	undefined
20230130	15:37:04	0aff9937-fcb1-4d1c-9294-36731142b9a4	GET	/	undefined
20230130	15:37:32	23356a41-066a-48b9-948f-cee17ee45a91	GET	/	undefined
20230130	15:37:32	40180f8e-a21a-4d78-87a2-8e6b81a08ab7	GET	/css/style.css	undefined
20230130	15:37:39	7bb9bf3e-d1cf-4e37-9e0d-36fb4bd91cab	GET	/jh	undefined
20230130	15:37:39	96dcd98d-2aac-433e-b962-207886daedf8	GET	/css/style.css	undefined
20230130	16:06:01	20d676df-594f-46ad-9012-f1107cfa9827	GET	/css/style.css	undefined
20230130	16:06:09	53d4772f-b98e-435b-b3cd-4a811c5aaf98	GET	/	undefined
20230130	16:06:11	b2f3e599-a3f1-4e9a-a511-88bcf3f1562d	GET	/	undefined
20230130	16:06:56	54690b56-3a0e-458c-a877-bcd8628b554c	GET	/	undefined
20230130	16:06:56	b8b6e37c-2337-4560-9a5f-901679df7734	GET	/css/style.css	undefined
20230130	16:07:02	ffd82c00-4ccf-47ab-b528-315f439b7c45	GET	/	undefined
20230130	16:07:03	694e78c4-0a37-4dd6-8d5c-239c52f00f43	GET	/	undefined
20230130	16:07:03	a74422af-4ef3-475d-b92d-ad4053653481	GET	/	undefined
20230130	16:09:01	d6f71c90-38cc-45d2-9f7a-a6fe8df22b2d	OPTIONS	/	https://www.google.com
20230130	16:09:01	1f3161be-7223-4208-8156-573a136dd5fd	GET	/	https://www.google.com
20230130	16:09:21	46556722-6af2-4511-b1d8-0c3c6c6e6e40	OPTIONS	/	https://www.google.com
20230130	16:09:21	dedd108d-6376-44bd-8764-98a6ca5fdc3e	GET	/	https://www.google.com
20230130	16:10:39	86d4a0e4-cc2e-47ba-bf72-76a1f0fbb46e	OPTIONS	/	https://www.google.com
20230130	16:10:39	0c73673a-e5de-41c1-ab13-2cacdefdd82d	GET	/	https://www.google.com
